<?xml version="1.0" encoding="UTF-8"?>
<testng-results ignored="0" total="1" passed="0" failed="1" skipped="0">
  <reporter-output>
  </reporter-output>
  <suite started-at="2026-02-09T21:10:17 IST" name="Default suite" finished-at="2026-02-09T21:11:23 IST" duration-ms="66685">
    <groups>
    </groups>
    <test started-at="2026-02-09T21:10:17 IST" name="Default test" finished-at="2026-02-09T21:11:23 IST" duration-ms="66685">
      <class name="Test.easemytrip">
        <test-method is-config="true" signature="setup()[pri:0, instance:Test.easemytrip@1f97cf0d]" started-at="2026-02-09T21:10:17 IST" name="setup" finished-at="2026-02-09T21:10:31 IST" duration-ms="14176" status="PASS">
          <reporter-output>
          </reporter-output>
        </test-method> <!-- setup -->
        <test-method signature="test()[pri:0, instance:Test.easemytrip@1f97cf0d]" started-at="2026-02-09T21:10:31 IST" name="test" finished-at="2026-02-09T21:11:22 IST" duration-ms="51496" status="FAIL">
          <exception class="com.microsoft.playwright.TimeoutError">
            <message>
              <![CDATA[Error {
  message='Timeout 30000ms exceeded.
  name='TimeoutError
  stack='TimeoutError: Timeout 30000ms exceeded.
    at ProgressController.run (C:\Users\Asus\AppData\Local\Temp\playwright-java-11493317090709336973\package\lib\server\progress.js:68:28)
    at FrameDispatcher._runCommand (C:\Users\Asus\AppData\Local\Temp\playwright-java-11493317090709336973\package\lib\server\dispatchers\dispatcher.js:95:31)
    at DispatcherConnection.dispatch (C:\Users\Asus\AppData\Local\Temp\playwright-java-11493317090709336973\package\lib\server\dispatchers\dispatcher.js:329:39)
}
Call log:
-   - waiting for getByRole(AriaRole.TEXTBOX, new Page.GetByRoleOptions().setName("Return"))
-     - locator resolved to <input name="" id="rdate" type="text" autocomplete="off" placeholder="Return" class="input_cld hide-ddate round-but1"/>
-   - attempting click action
-     2 × waiting for element to be visible, enabled and stable
-       - element is visible, enabled and stable
-       - scrolling into view if needed
-       - done scrolling
-       - <p id="rtag" class="rou_noti">…</p> intercepts pointer events
-     - retrying click action
-     - waiting 20ms
-     2 × waiting for element to be visible, enabled and stable
-       - element is visible, enabled and stable
-       - scrolling into view if needed
-       - done scrolling
-       - <p id="rtag" class="rou_noti">…</p> intercepts pointer events
-     - retrying click action
-       - waiting 100ms
-     55 × waiting for element to be visible, enabled and stable
-        - element is visible, enabled and stable
-        - scrolling into view if needed
-        - done scrolling
-        - <p id="rtag" class="rou_noti">…</p> intercepts pointer events
-      - retrying click action
-        - waiting 500ms
-     - waiting for" https://www.easemytrip.com/flight-search/listing?srch=BOM-Mumbai-India|PAR-Paris-France|11/02/2026&px=1-0-0&cbn=0&ar=undefined&isow=true&isdm=false&lang=en-us&&IsDoubleSeat=false&CCODE=IN&curr=INR&ap…" navigation to finish...
]]>
            </message>
            <full-stacktrace>
              <![CDATA[com.microsoft.playwright.TimeoutError: Error {
  message='Timeout 30000ms exceeded.
  name='TimeoutError
  stack='TimeoutError: Timeout 30000ms exceeded.
    at ProgressController.run (C:\Users\Asus\AppData\Local\Temp\playwright-java-11493317090709336973\package\lib\server\progress.js:68:28)
    at FrameDispatcher._runCommand (C:\Users\Asus\AppData\Local\Temp\playwright-java-11493317090709336973\package\lib\server\dispatchers\dispatcher.js:95:31)
    at DispatcherConnection.dispatch (C:\Users\Asus\AppData\Local\Temp\playwright-java-11493317090709336973\package\lib\server\dispatchers\dispatcher.js:329:39)
}
Call log:
-   - waiting for getByRole(AriaRole.TEXTBOX, new Page.GetByRoleOptions().setName("Return"))
-     - locator resolved to <input name="" id="rdate" type="text" autocomplete="off" placeholder="Return" class="input_cld hide-ddate round-but1"/>
-   - attempting click action
-     2 × waiting for element to be visible, enabled and stable
-       - element is visible, enabled and stable
-       - scrolling into view if needed
-       - done scrolling
-       - <p id="rtag" class="rou_noti">…</p> intercepts pointer events
-     - retrying click action
-     - waiting 20ms
-     2 × waiting for element to be visible, enabled and stable
-       - element is visible, enabled and stable
-       - scrolling into view if needed
-       - done scrolling
-       - <p id="rtag" class="rou_noti">…</p> intercepts pointer events
-     - retrying click action
-       - waiting 100ms
-     55 × waiting for element to be visible, enabled and stable
-        - element is visible, enabled and stable
-        - scrolling into view if needed
-        - done scrolling
-        - <p id="rtag" class="rou_noti">…</p> intercepts pointer events
-      - retrying click action
-        - waiting 500ms
-     - waiting for" https://www.easemytrip.com/flight-search/listing?srch=BOM-Mumbai-India|PAR-Paris-France|11/02/2026&px=1-0-0&cbn=0&ar=undefined&isow=true&isdm=false&lang=en-us&&IsDoubleSeat=false&CCODE=IN&curr=INR&ap…" navigation to finish...

at com.microsoft.playwright.impl.WaitableResult.get(WaitableResult.java:52)
at com.microsoft.playwright.impl.ChannelOwner.runUntil(ChannelOwner.java:138)
at com.microsoft.playwright.impl.Connection.sendMessage(Connection.java:131)
at com.microsoft.playwright.impl.ChannelOwner.sendMessage(ChannelOwner.java:124)
at com.microsoft.playwright.impl.FrameImpl.clickImpl(FrameImpl.java:244)
at com.microsoft.playwright.impl.LocatorImpl.click(LocatorImpl.java:164)
at com.microsoft.playwright.Locator.click(Locator.java:2543)
at Test.easemytrip.test(easemytrip.java:20)
at java.base/jdk.internal.reflect.NativeMethodAccessorImpl.invoke0(Native Method)
at java.base/jdk.internal.reflect.NativeMethodAccessorImpl.invoke(NativeMethodAccessorImpl.java:77)
at java.base/jdk.internal.reflect.DelegatingMethodAccessorImpl.invoke(DelegatingMethodAccessorImpl.java:43)
at java.base/java.lang.reflect.Method.invoke(Method.java:568)
at org.testng.internal.MethodInvocationHelper.invokeMethod(MethodInvocationHelper.java:133)
at org.testng.internal.TestInvoker.invokeMethod(TestInvoker.java:598)
at org.testng.internal.TestInvoker.invokeTestMethod(TestInvoker.java:173)
at org.testng.internal.MethodRunner.runInSequence(MethodRunner.java:46)
at org.testng.internal.TestInvoker$MethodInvocationAgent.invoke(TestInvoker.java:824)
at org.testng.internal.TestInvoker.invokeTestMethods(TestInvoker.java:146)
at org.testng.internal.TestMethodWorker.invokeTestMethods(TestMethodWorker.java:146)
at org.testng.internal.TestMethodWorker.run(TestMethodWorker.java:128)
at java.base/java.util.ArrayList.forEach(ArrayList.java:1511)
at org.testng.TestRunner.privateRun(TestRunner.java:794)
at org.testng.TestRunner.run(TestRunner.java:596)
at org.testng.SuiteRunner.runTest(SuiteRunner.java:377)
at org.testng.SuiteRunner.runSequentially(SuiteRunner.java:371)
at org.testng.SuiteRunner.privateRun(SuiteRunner.java:332)
at org.testng.SuiteRunner.run(SuiteRunner.java:276)
at org.testng.SuiteRunnerWorker.runSuite(SuiteRunnerWorker.java:53)
at org.testng.SuiteRunnerWorker.run(SuiteRunnerWorker.java:96)
at org.testng.TestNG.runSuitesSequentially(TestNG.java:1212)
at org.testng.TestNG.runSuitesLocally(TestNG.java:1134)
at org.testng.TestNG.runSuites(TestNG.java:1063)
at org.testng.TestNG.run(TestNG.java:1031)
at org.testng.remote.AbstractRemoteTestNG.run(AbstractRemoteTestNG.java:115)
at org.testng.remote.RemoteTestNG.initAndRun(RemoteTestNG.java:251)
at org.testng.remote.RemoteTestNG.main(RemoteTestNG.java:77)
Caused by: com.microsoft.playwright.TimeoutError: Error {
  message='Timeout 30000ms exceeded.
  name='TimeoutError
  stack='TimeoutError: Timeout 30000ms exceeded.
    at ProgressController.run (C:\Users\Asus\AppData\Local\Temp\playwright-java-11493317090709336973\package\lib\server\progress.js:68:28)
    at FrameDispatcher._runCommand (C:\Users\Asus\AppData\Local\Temp\playwright-java-11493317090709336973\package\lib\server\dispatchers\dispatcher.js:95:31)
    at DispatcherConnection.dispatch (C:\Users\Asus\AppData\Local\Temp\playwright-java-11493317090709336973\package\lib\server\dispatchers\dispatcher.js:329:39)
}
Call log:
-   - waiting for getByRole(AriaRole.TEXTBOX, new Page.GetByRoleOptions().setName("Return"))
-     - locator resolved to <input name="" id="rdate" type="text" autocomplete="off" placeholder="Return" class="input_cld hide-ddate round-but1"/>
-   - attempting click action
-     2 × waiting for element to be visible, enabled and stable
-       - element is visible, enabled and stable
-       - scrolling into view if needed
-       - done scrolling
-       - <p id="rtag" class="rou_noti">…</p> intercepts pointer events
-     - retrying click action
-     - waiting 20ms
-     2 × waiting for element to be visible, enabled and stable
-       - element is visible, enabled and stable
-       - scrolling into view if needed
-       - done scrolling
-       - <p id="rtag" class="rou_noti">…</p> intercepts pointer events
-     - retrying click action
-       - waiting 100ms
-     55 × waiting for element to be visible, enabled and stable
-        - element is visible, enabled and stable
-        - scrolling into view if needed
-        - done scrolling
-        - <p id="rtag" class="rou_noti">…</p> intercepts pointer events
-      - retrying click action
-        - waiting 500ms
-     - waiting for" https://www.easemytrip.com/flight-search/listing?srch=BOM-Mumbai-India|PAR-Paris-France|11/02/2026&px=1-0-0&cbn=0&ar=undefined&isow=true&isdm=false&lang=en-us&&IsDoubleSeat=false&CCODE=IN&curr=INR&ap…" navigation to finish...

at com.microsoft.playwright.impl.Connection.dispatch(Connection.java:257)
at com.microsoft.playwright.impl.Connection.processOneMessage(Connection.java:214)
at com.microsoft.playwright.impl.ChannelOwner.runUntil(ChannelOwner.java:136)
... 34 more
]]>
            </full-stacktrace>
          </exception> <!-- com.microsoft.playwright.TimeoutError -->
          <reporter-output>
          </reporter-output>
        </test-method> <!-- test -->
        <test-method is-config="true" signature="tearDown()[pri:0, instance:Test.easemytrip@1f97cf0d]" started-at="2026-02-09T21:11:23 IST" name="tearDown" finished-at="2026-02-09T21:11:23 IST" duration-ms="577" status="PASS">
          <reporter-output>
          </reporter-output>
        </test-method> <!-- tearDown -->
      </class> <!-- Test.easemytrip -->
    </test> <!-- Default test -->
  </suite> <!-- Default suite -->
</testng-results>
