<?xml version="1.0" encoding="UTF-8"?>
<!-- Generated by org.testng.reporters.JUnitXMLReporter -->
<testsuite ignored="0" hostname="Ashish-Poojary" failures="1" tests="1" name="Default test" time="66.685" errors="0" timestamp="2026-02-09T21:11:23 IST">
  <testcase classname="Test.easemytrip" name="test" time="51.496">
    <failure type="com.microsoft.playwright.TimeoutError" message="Error {
  message=&amp;apos;Timeout 30000ms exceeded.
  name=&amp;apos;TimeoutError
  stack=&amp;apos;TimeoutError: Timeout 30000ms exceeded.
    at ProgressController.run (C:\Users\Asus\AppData\Local\Temp\playwright-java-11493317090709336973\package\lib\server\progress.js:68:28)
    at FrameDispatcher._runCommand (C:\Users\Asus\AppData\Local\Temp\playwright-java-11493317090709336973\package\lib\server\dispatchers\dispatcher.js:95:31)
    at DispatcherConnection.dispatch (C:\Users\Asus\AppData\Local\Temp\playwright-java-11493317090709336973\package\lib\server\dispatchers\dispatcher.js:329:39)
}
Call log:
-   - waiting for getByRole(AriaRole.TEXTBOX, new Page.GetByRoleOptions().setName(&amp;quot;Return&amp;quot;))
-     - locator resolved to &amp;lt;input name=&amp;quot;&amp;quot; id=&amp;quot;rdate&amp;quot; type=&amp;quot;text&amp;quot; autocomplete=&amp;quot;off&amp;quot; placeholder=&amp;quot;Return&amp;quot; class=&amp;quot;input_cld hide-ddate round-but1&amp;quot;/&amp;gt;
-   - attempting click action
-     2 × waiting for element to be visible, enabled and stable
-       - element is visible, enabled and stable
-       - scrolling into view if needed
-       - done scrolling
-       - &amp;lt;p id=&amp;quot;rtag&amp;quot; class=&amp;quot;rou_noti&amp;quot;&amp;gt;…&amp;lt;/p&amp;gt; intercepts pointer events
-     - retrying click action
-     - waiting 20ms
-     2 × waiting for element to be visible, enabled and stable
-       - element is visible, enabled and stable
-       - scrolling into view if needed
-       - done scrolling
-       - &amp;lt;p id=&amp;quot;rtag&amp;quot; class=&amp;quot;rou_noti&amp;quot;&amp;gt;…&amp;lt;/p&amp;gt; intercepts pointer events
-     - retrying click action
-       - waiting 100ms
-     55 × waiting for element to be visible, enabled and stable
-        - element is visible, enabled and stable
-        - scrolling into view if needed
-        - done scrolling
-        - &amp;lt;p id=&amp;quot;rtag&amp;quot; class=&amp;quot;rou_noti&amp;quot;&amp;gt;…&amp;lt;/p&amp;gt; intercepts pointer events
-      - retrying click action
-        - waiting 500ms
-     - waiting for&amp;quot; https://www.easemytrip.com/flight-search/listing?srch=BOM-Mumbai-India|PAR-Paris-France|11/02/2026&amp;amp;px=1-0-0&amp;amp;cbn=0&amp;amp;ar=undefined&amp;amp;isow=true&amp;amp;isdm=false&amp;amp;lang=en-us&amp;amp;&amp;amp;IsDoubleSeat=false&amp;amp;CCODE=IN&amp;amp;curr=INR&amp;amp;ap…&amp;quot; navigation to finish...
">
      <![CDATA[com.microsoft.playwright.TimeoutError: Error {
  message='Timeout 30000ms exceeded.
  name='TimeoutError
  stack='TimeoutError: Timeout 30000ms exceeded.
    at ProgressController.run (C:\Users\Asus\AppData\Local\Temp\playwright-java-11493317090709336973\package\lib\server\progress.js:68:28)
    at FrameDispatcher._runCommand (C:\Users\Asus\AppData\Local\Temp\playwright-java-11493317090709336973\package\lib\server\dispatchers\dispatcher.js:95:31)
    at DispatcherConnection.dispatch (C:\Users\Asus\AppData\Local\Temp\playwright-java-11493317090709336973\package\lib\server\dispatchers\dispatcher.js:329:39)
}
Call log:
-   - waiting for getByRole(AriaRole.TEXTBOX, new Page.GetByRoleOptions().setName("Return"))
-     - locator resolved to <input name="" id="rdate" type="text" autocomplete="off" placeholder="Return" class="input_cld hide-ddate round-but1"/>
-   - attempting click action
-     2 × waiting for element to be visible, enabled and stable
-       - element is visible, enabled and stable
-       - scrolling into view if needed
-       - done scrolling
-       - <p id="rtag" class="rou_noti">…</p> intercepts pointer events
-     - retrying click action
-     - waiting 20ms
-     2 × waiting for element to be visible, enabled and stable
-       - element is visible, enabled and stable
-       - scrolling into view if needed
-       - done scrolling
-       - <p id="rtag" class="rou_noti">…</p> intercepts pointer events
-     - retrying click action
-       - waiting 100ms
-     55 × waiting for element to be visible, enabled and stable
-        - element is visible, enabled and stable
-        - scrolling into view if needed
-        - done scrolling
-        - <p id="rtag" class="rou_noti">…</p> intercepts pointer events
-      - retrying click action
-        - waiting 500ms
-     - waiting for" https://www.easemytrip.com/flight-search/listing?srch=BOM-Mumbai-India|PAR-Paris-France|11/02/2026&px=1-0-0&cbn=0&ar=undefined&isow=true&isdm=false&lang=en-us&&IsDoubleSeat=false&CCODE=IN&curr=INR&ap…" navigation to finish...

at com.microsoft.playwright.impl.WaitableResult.get(WaitableResult.java:52)
at com.microsoft.playwright.impl.ChannelOwner.runUntil(ChannelOwner.java:138)
at com.microsoft.playwright.impl.Connection.sendMessage(Connection.java:131)
at com.microsoft.playwright.impl.ChannelOwner.sendMessage(ChannelOwner.java:124)
at com.microsoft.playwright.impl.FrameImpl.clickImpl(FrameImpl.java:244)
at com.microsoft.playwright.impl.LocatorImpl.click(LocatorImpl.java:164)
at com.microsoft.playwright.Locator.click(Locator.java:2543)
at Test.easemytrip.test(easemytrip.java:20)
at java.base/jdk.internal.reflect.NativeMethodAccessorImpl.invoke0(Native Method)
at java.base/jdk.internal.reflect.NativeMethodAccessorImpl.invoke(NativeMethodAccessorImpl.java:77)
at java.base/jdk.internal.reflect.DelegatingMethodAccessorImpl.invoke(DelegatingMethodAccessorImpl.java:43)
at java.base/java.lang.reflect.Method.invoke(Method.java:568)
at org.testng.internal.MethodInvocationHelper.invokeMethod(MethodInvocationHelper.java:133)
at org.testng.internal.TestInvoker.invokeMethod(TestInvoker.java:598)
at org.testng.internal.TestInvoker.invokeTestMethod(TestInvoker.java:173)
at org.testng.internal.MethodRunner.runInSequence(MethodRunner.java:46)
at org.testng.internal.TestInvoker$MethodInvocationAgent.invoke(TestInvoker.java:824)
at org.testng.internal.TestInvoker.invokeTestMethods(TestInvoker.java:146)
at org.testng.internal.TestMethodWorker.invokeTestMethods(TestMethodWorker.java:146)
at org.testng.internal.TestMethodWorker.run(TestMethodWorker.java:128)
at java.base/java.util.ArrayList.forEach(ArrayList.java:1511)
at org.testng.TestRunner.privateRun(TestRunner.java:794)
at org.testng.TestRunner.run(TestRunner.java:596)
at org.testng.SuiteRunner.runTest(SuiteRunner.java:377)
at org.testng.SuiteRunner.runSequentially(SuiteRunner.java:371)
at org.testng.SuiteRunner.privateRun(SuiteRunner.java:332)
at org.testng.SuiteRunner.run(SuiteRunner.java:276)
at org.testng.SuiteRunnerWorker.runSuite(SuiteRunnerWorker.java:53)
at org.testng.SuiteRunnerWorker.run(SuiteRunnerWorker.java:96)
at org.testng.TestNG.runSuitesSequentially(TestNG.java:1212)
at org.testng.TestNG.runSuitesLocally(TestNG.java:1134)
at org.testng.TestNG.runSuites(TestNG.java:1063)
at org.testng.TestNG.run(TestNG.java:1031)
at org.testng.remote.AbstractRemoteTestNG.run(AbstractRemoteTestNG.java:115)
at org.testng.remote.RemoteTestNG.initAndRun(RemoteTestNG.java:251)
at org.testng.remote.RemoteTestNG.main(RemoteTestNG.java:77)
Caused by: com.microsoft.playwright.TimeoutError: Error {
  message='Timeout 30000ms exceeded.
  name='TimeoutError
  stack='TimeoutError: Timeout 30000ms exceeded.
    at ProgressController.run (C:\Users\Asus\AppData\Local\Temp\playwright-java-11493317090709336973\package\lib\server\progress.js:68:28)
    at FrameDispatcher._runCommand (C:\Users\Asus\AppData\Local\Temp\playwright-java-11493317090709336973\package\lib\server\dispatchers\dispatcher.js:95:31)
    at DispatcherConnection.dispatch (C:\Users\Asus\AppData\Local\Temp\playwright-java-11493317090709336973\package\lib\server\dispatchers\dispatcher.js:329:39)
}
Call log:
-   - waiting for getByRole(AriaRole.TEXTBOX, new Page.GetByRoleOptions().setName("Return"))
-     - locator resolved to <input name="" id="rdate" type="text" autocomplete="off" placeholder="Return" class="input_cld hide-ddate round-but1"/>
-   - attempting click action
-     2 × waiting for element to be visible, enabled and stable
-       - element is visible, enabled and stable
-       - scrolling into view if needed
-       - done scrolling
-       - <p id="rtag" class="rou_noti">…</p> intercepts pointer events
-     - retrying click action
-     - waiting 20ms
-     2 × waiting for element to be visible, enabled and stable
-       - element is visible, enabled and stable
-       - scrolling into view if needed
-       - done scrolling
-       - <p id="rtag" class="rou_noti">…</p> intercepts pointer events
-     - retrying click action
-       - waiting 100ms
-     55 × waiting for element to be visible, enabled and stable
-        - element is visible, enabled and stable
-        - scrolling into view if needed
-        - done scrolling
-        - <p id="rtag" class="rou_noti">…</p> intercepts pointer events
-      - retrying click action
-        - waiting 500ms
-     - waiting for" https://www.easemytrip.com/flight-search/listing?srch=BOM-Mumbai-India|PAR-Paris-France|11/02/2026&px=1-0-0&cbn=0&ar=undefined&isow=true&isdm=false&lang=en-us&&IsDoubleSeat=false&CCODE=IN&curr=INR&ap…" navigation to finish...

at com.microsoft.playwright.impl.Connection.dispatch(Connection.java:257)
at com.microsoft.playwright.impl.Connection.processOneMessage(Connection.java:214)
at com.microsoft.playwright.impl.ChannelOwner.runUntil(ChannelOwner.java:136)
... 34 more
]]>
    </failure>
  </testcase> <!-- test -->
</testsuite> <!-- Default test -->
