<?xml version="1.0" encoding="UTF-8"?>
<testng-results ignored="0" total="2" passed="2" failed="0" skipped="0">
  <reporter-output>
  </reporter-output>
  <suite started-at="2026-02-09T20:54:16 IST" name="Surefire suite" finished-at="2026-02-09T20:55:20 IST" duration-ms="64493">
    <groups>
    </groups>
    <test started-at="2026-02-09T20:54:16 IST" name="Surefire test" finished-at="2026-02-09T20:55:20 IST" duration-ms="64493">
      <class name="Test.FirstTest">
        <test-method is-config="true" signature="setup()[pri:0, instance:Test.FirstTest@51e5fc98]" started-at="2026-02-09T20:54:16 IST" name="setup" finished-at="2026-02-09T20:54:55 IST" duration-ms="39490" status="PASS">
          <reporter-output>
          </reporter-output>
        </test-method> <!-- setup -->
        <test-method signature="verifyTitle()[pri:0, instance:Test.FirstTest@51e5fc98]" started-at="2026-02-09T20:54:55 IST" name="verifyTitle" finished-at="2026-02-09T20:54:58 IST" duration-ms="2246" status="PASS">
          <reporter-output>
          </reporter-output>
        </test-method> <!-- verifyTitle -->
        <test-method is-config="true" signature="tearDown()[pri:0, instance:Test.FirstTest@51e5fc98]" started-at="2026-02-09T20:54:58 IST" name="tearDown" finished-at="2026-02-09T20:54:58 IST" duration-ms="578" status="PASS">
          <reporter-output>
          </reporter-output>
        </test-method> <!-- tearDown -->
      </class> <!-- Test.FirstTest -->
      <class name="Test.LoginTest">
        <test-method is-config="true" signature="setup()[pri:0, instance:Test.LoginTest@7c469c48]" started-at="2026-02-09T20:54:58 IST" name="setup" finished-at="2026-02-09T20:54:59 IST" duration-ms="1083" status="PASS">
          <reporter-output>
          </reporter-output>
        </test-method> <!-- setup -->
        <test-method signature="LoginTest()[pri:0, instance:Test.LoginTest@7c469c48]" started-at="2026-02-09T20:54:59 IST" name="LoginTest" finished-at="2026-02-09T20:55:20 IST" duration-ms="20673" status="PASS">
          <reporter-output>
          </reporter-output>
        </test-method> <!-- LoginTest -->
        <test-method is-config="true" signature="tearDown()[pri:0, instance:Test.LoginTest@7c469c48]" started-at="2026-02-09T20:55:20 IST" name="tearDown" finished-at="2026-02-09T20:55:20 IST" duration-ms="355" status="PASS">
          <reporter-output>
          </reporter-output>
        </test-method> <!-- tearDown -->
      </class> <!-- Test.LoginTest -->
    </test> <!-- Surefire test -->
  </suite> <!-- Surefire suite -->
</testng-results>
